500000000001
250000000001
375000000001
437500000001
468750000001
484375000001
492187500001
496093750001
498046875001
499023437501
499511718751
499755859376
499877929688
499938964844
499969482422
499984741211
499992370606
499996185303
499998092652
499999046326
499999523163
499999761582
499999880791
499999940396
499999970198
499999985099
499999992550
499999996275
499999998138
499999999069
499999999535
499999999768
499999999884
499999999942
499999999971
499999999986
499999999993
499999999997
499999999999
500000000000
500000000000
